<?xml version="1.0" encoding="UTF-8"?>
<testng-results skipped="0" failed="0" total="1" passed="1">
  <reporter-output>
  </reporter-output>
  <suite name="Default suite" duration-ms="203624" started-at="2016-07-19T09:04:49Z" finished-at="2016-07-19T09:08:13Z">
    <groups>
    </groups>
    <test name="Default test" duration-ms="203624" started-at="2016-07-19T09:04:49Z" finished-at="2016-07-19T09:08:13Z">
      <class name="scripts.LibraryModule">
        <test-method status="PASS" signature="setUp()[pri:0, instance:scripts.LibraryModule@7ba2a1d2]" name="setUp" is-config="true" duration-ms="5900" started-at="2016-07-19T14:34:49Z" finished-at="2016-07-19T14:34:55Z">
          <reporter-output>
          </reporter-output>
        </test-method> <!-- setUp -->
        <test-method status="PASS" signature="testLibrary(java.lang.String, java.lang.String, java.lang.String, java.lang.String, java.lang.String)[pri:0, instance:scripts.LibraryModule@7ba2a1d2]" name="testLibrary" duration-ms="197428" started-at="2016-07-19T14:34:55Z" data-provider="LibraryData" finished-at="2016-07-19T14:38:13Z">
          <params>
            <param index="0">
              <value>
                <![CDATA[indrayanighadge@gmail.com]]>
              </value>
            </param>
            <param index="1">
              <value>
                <![CDATA[123456]]>
              </value>
            </param>
            <param index="2">
              <value>
                <![CDATA[BJ WADIA CENTRAL LIBRARY]]>
              </value>
            </param>
            <param index="3">
              <value>
                <![CDATA[DES Pune Institute]]>
              </value>
            </param>
            <param index="4">
              <value>
                <![CDATA[]]>
              </value>
            </param>
          </params>
          <reporter-output>
          </reporter-output>
        </test-method> <!-- testLibrary -->
        <test-method status="PASS" signature="cleanUp()[pri:0, instance:scripts.LibraryModule@7ba2a1d2]" name="cleanUp" is-config="true" duration-ms="78" started-at="2016-07-19T14:38:13Z" finished-at="2016-07-19T14:38:13Z">
          <reporter-output>
          </reporter-output>
        </test-method> <!-- cleanUp -->
      </class> <!-- scripts.LibraryModule -->
    </test> <!-- Default test -->
  </suite> <!-- Default suite -->
</testng-results>
