<?xml version="1.0" encoding="UTF-8"?>
<testng-results skipped="0" failed="0" total="1" passed="1">
  <reporter-output>
  </reporter-output>
  <suite name="Default suite" duration-ms="162868" started-at="2016-09-16T13:44:56Z" finished-at="2016-09-16T13:47:39Z">
    <groups>
    </groups>
    <test name="Default test" duration-ms="162868" started-at="2016-09-16T13:44:56Z" finished-at="2016-09-16T13:47:39Z">
      <class name="scripts.FormConfiguration">
        <test-method status="PASS" signature="setUp()[pri:0, instance:scripts.FormConfiguration@5e5aefe]" name="setUp" is-config="true" duration-ms="4659" started-at="2016-09-16T19:14:56Z" finished-at="2016-09-16T19:15:00Z">
          <reporter-output>
          </reporter-output>
        </test-method> <!-- setUp -->
        <test-method status="PASS" signature="admissionConfiguration()[pri:0, instance:scripts.FormConfiguration@5e5aefe]" name="admissionConfiguration" duration-ms="158178" started-at="2016-09-16T19:15:00Z" finished-at="2016-09-16T19:17:39Z">
          <reporter-output>
          </reporter-output>
        </test-method> <!-- admissionConfiguration -->
        <test-method status="PASS" signature="cleanUp()[pri:0, instance:scripts.FormConfiguration@5e5aefe]" name="cleanUp" is-config="true" duration-ms="31" started-at="2016-09-16T19:17:39Z" finished-at="2016-09-16T19:17:39Z">
          <reporter-output>
          </reporter-output>
        </test-method> <!-- cleanUp -->
      </class> <!-- scripts.FormConfiguration -->
    </test> <!-- Default test -->
  </suite> <!-- Default suite -->
</testng-results>
